{
  "RSpec": {
    "coverage": {
      "/Users/nandinipatel/Projects/bank-tech-test/spec/account_spec.rb": [
        null,
        null,
        1,
        null,
        1,
        1,
        1,
        1,
        1,
        1,
        null,
        null,
        1,
        1,
        1,
        1,
        null,
        null,
        null,
        1,
        1,
        1,
        1,
        1,
        1,
        null,
        null,
        1,
        1,
        1,
        2,
        null,
        null,
        null,
        1,
        1,
        1,
        1,
        1,
        2,
        null,
        null,
        1,
        1,
        1,
        1,
        1,
        null,
        null,
        null,
        1,
        1,
        1,
        1,
        2,
        null,
        null,
        1,
        1,
        1,
        1,
        1,
        1,
        2,
        null,
        null,
        null,
        null
      ],
      "/Users/nandinipatel/Projects/bank-tech-test/lib/account.rb": [
        null,
        null,
        1,
        1,
        null,
        1,
        1,
        null,
        1,
        8,
        8,
        null,
        null,
        1,
        5,
        1,
        null,
        4,
        4,
        null,
        4,
        null,
        null,
        1,
        3,
        1,
        null,
        2,
        2,
        null,
        2,
        null,
        null,
        1,
        3,
        null,
        null,
        1,
        2,
        2,
        2,
        2,
        1,
        1,
        1,
        1,
        1,
        null,
        0,
        0,
        0,
        null,
        2,
        2,
        null,
        null,
        null,
        1,
        null,
        1,
        6,
        6,
        null,
        null
      ],
      "/Users/nandinipatel/Projects/bank-tech-test/lib/transaction.rb": [
        null,
        null,
        1,
        1,
        null,
        1,
        9,
        9,
        9,
        9,
        null,
        null
      ],
      "/Users/nandinipatel/Projects/bank-tech-test/lib/statement.rb": [
        null,
        null,
        1,
        1,
        null,
        1,
        10,
        null,
        null
      ],
      "/Users/nandinipatel/Projects/bank-tech-test/spec/statememt_spec.rb": [
        null,
        null,
        1,
        null,
        1,
        1,
        1,
        1,
        1,
        null,
        null,
        null,
        1,
        1,
        1,
        1,
        1,
        1,
        null,
        null,
        null
      ],
      "/Users/nandinipatel/Projects/bank-tech-test/spec/transaction_spec.rb": [
        null,
        null,
        1,
        1,
        null,
        1,
        1,
        1,
        1,
        1,
        1,
        1,
        1,
        1,
        null,
        null,
        null,
        1,
        1,
        1,
        1,
        1,
        1,
        1,
        null,
        null,
        null,
        null
      ]
    },
    "timestamp": 1559826008
  }
}
